<microtome>
  <test-board height="12" tomeType="BoardDesc" width="16">
    <tiles>
      <tile tomeType="TileDesc" type="SPIKE_CEIL" x="5" y="0" />
      <tile tomeType="TileDesc" type="SPIKE_CEIL" x="6" y="0" />
      <tile tomeType="TileDesc" type="SPIKE_CEIL" x="7" y="0" />
      <tile tomeType="TileDesc" type="SPIKE_CEIL" x="8" y="0" />
      <tile tomeType="TileDesc" type="GOAL" x="14" y="0" />
      <tile tomeType="TileDesc" type="E" x="10" y="1" />
      <tile tomeType="TileDesc" type="EW" x="11" y="1" />
      <tile tomeType="TileDesc" type="EW" x="12" y="1" />
      <tile tomeType="TileDesc" type="EW" x="13" y="1" />
      <tile tomeType="TileDesc" type="EW" x="14" y="1" />
      <tile tomeType="TileDesc" type="SW" x="15" y="1" />
      <tile tomeType="TileDesc" type="NS" x="15" y="2" />
      <tile tomeType="TileDesc" type="E" x="3" y="3" />
      <tile tomeType="TileDesc" type="ESW" x="4" y="3" />
      <tile tomeType="TileDesc" type="W" x="5" y="3" />
      <tile tomeType="TileDesc" type="BLOCK" x="8" y="3" />
      <tile tomeType="TileDesc" type="NS" x="15" y="3" />
      <tile tomeType="TileDesc" type="NS" x="4" y="4" />
      <tile tomeType="TileDesc" type="NS" x="15" y="4" />
      <tile tomeType="TileDesc" type="ES" x="2" y="5" />
      <tile tomeType="TileDesc" type="EW" x="3" y="5" />
      <tile tomeType="TileDesc" type="NEW" x="4" y="5" />
      <tile tomeType="TileDesc" type="EW_BROKEN" x="5" y="5" />
      <tile tomeType="TileDesc" type="W" x="6" y="5" />
      <tile tomeType="TileDesc" type="S" x="11" y="5" />
      <tile tomeType="TileDesc" type="NS" x="15" y="5" />
      <tile tomeType="TileDesc" type="N" x="2" y="6" />
      <tile tomeType="TileDesc" type="NSW" x="11" y="6" />
      <tile tomeType="TileDesc" type="W" x="12" y="6" />
      <tile tomeType="TileDesc" type="NS" x="15" y="6" />
      <tile tomeType="TileDesc" type="NS" x="11" y="7" />
      <tile tomeType="TileDesc" type="NS" x="15" y="7" />
      <tile tomeType="TileDesc" type="SPIKE_GROUND" x="7" y="8" />
      <tile tomeType="TileDesc" type="E" x="9" y="8" />
      <tile tomeType="TileDesc" type="EW" x="10" y="8" />
      <tile tomeType="TileDesc" type="NES" x="11" y="8" />
      <tile tomeType="TileDesc" type="EW" x="12" y="8" />
      <tile tomeType="TileDesc" type="SW" x="13" y="8" />
      <tile tomeType="TileDesc" type="NS" x="15" y="8" />
      <tile tomeType="TileDesc" type="S" x="0" y="9" />
      <tile tomeType="TileDesc" type="N" x="11" y="9" />
      <tile tomeType="TileDesc" type="N" x="13" y="9" />
      <tile tomeType="TileDesc" type="NS" x="15" y="9" />
      <tile tomeType="TileDesc" type="NS" x="0" y="10" />
      <tile tomeType="TileDesc" type="SPAWN" x="2" y="10" />
      <tile tomeType="TileDesc" type="S" x="6" y="10" />
      <tile tomeType="TileDesc" type="NS" x="15" y="10" />
      <tile tomeType="TileDesc" type="NE" x="0" y="11" />
      <tile tomeType="TileDesc" type="W" x="1" y="11" />
      <tile tomeType="TileDesc" type="PERMANENT" x="2" y="11" />
      <tile tomeType="TileDesc" type="E" x="3" y="11" />
      <tile tomeType="TileDesc" type="EW" x="4" y="11" />
      <tile tomeType="TileDesc" type="EW" x="5" y="11" />
      <tile tomeType="TileDesc" type="NW" x="6" y="11" />
      <tile tomeType="TileDesc" type="SPIKE_GROUND" x="7" y="11" />
      <tile tomeType="TileDesc" type="SPIKE_GROUND" x="8" y="11" />
      <tile tomeType="TileDesc" type="SPIKE_GROUND" x="9" y="11" />
      <tile tomeType="TileDesc" type="EW" x="10" y="11" />
      <tile tomeType="TileDesc" type="EW_BROKEN" x="11" y="11" />
      <tile tomeType="TileDesc" type="EW_BROKEN" x="12" y="11" />
      <tile tomeType="TileDesc" type="EW_BROKEN" x="13" y="11" />
      <tile tomeType="TileDesc" type="EW" x="14" y="11" />
      <tile tomeType="TileDesc" type="NW" x="15" y="11" />
    </tiles>
  </test-board>
</microtome>
