<microtome>
  <test-board height="14" tomeType="BoardDesc" width="22">
    <tiles>
      <tile tomeType="TileDesc" type="SPIKE_CEIL" x="5" y="0" />
      <tile tomeType="TileDesc" type="SPIKE_CEIL" x="6" y="0" />
      <tile tomeType="TileDesc" type="SPIKE_CEIL" x="7" y="0" />
      <tile tomeType="TileDesc" type="SPIKE_CEIL" x="8" y="0" />
      <tile tomeType="TileDesc" type="GOAL" x="20" y="0" />
      <tile tomeType="TileDesc" type="E" x="16" y="1" />
      <tile tomeType="TileDesc" type="EW" x="17" y="1" />
      <tile tomeType="TileDesc" type="EW" x="18" y="1" />
      <tile tomeType="TileDesc" type="EW" x="19" y="1" />
      <tile tomeType="TileDesc" type="EW" x="20" y="1" />
      <tile tomeType="TileDesc" type="SW" x="21" y="1" />
      <tile tomeType="TileDesc" type="NS" x="21" y="2" />
      <tile tomeType="TileDesc" type="E" x="3" y="3" />
      <tile tomeType="TileDesc" type="ESW" x="4" y="3" />
      <tile tomeType="TileDesc" type="W" x="5" y="3" />
      <tile tomeType="TileDesc" type="BLOCK" x="8" y="3" />
      <tile tomeType="TileDesc" type="BLOCK" x="10" y="3" />
      <tile tomeType="TileDesc" type="BLOCK" x="12" y="3" />
      <tile tomeType="TileDesc" type="BLOCK" x="14" y="3" />
      <tile tomeType="TileDesc" type="NS" x="21" y="3" />
      <tile tomeType="TileDesc" type="NS" x="4" y="4" />
      <tile tomeType="TileDesc" type="S" x="17" y="4" />
      <tile tomeType="TileDesc" type="NS" x="21" y="4" />
      <tile tomeType="TileDesc" type="ES" x="2" y="5" />
      <tile tomeType="TileDesc" type="EW" x="3" y="5" />
      <tile tomeType="TileDesc" type="NEW" x="4" y="5" />
      <tile tomeType="TileDesc" type="EW_BROKEN" x="5" y="5" />
      <tile tomeType="TileDesc" type="W" x="6" y="5" />
      <tile tomeType="TileDesc" type="E" x="16" y="5" />
      <tile tomeType="TileDesc" type="NSW" x="17" y="5" />
      <tile tomeType="TileDesc" type="NS" x="21" y="5" />
      <tile tomeType="TileDesc" type="N" x="2" y="6" />
      <tile tomeType="TileDesc" type="BLOCK" x="12" y="6" />
      <tile tomeType="TileDesc" type="NES" x="17" y="6" />
      <tile tomeType="TileDesc" type="W" x="18" y="6" />
      <tile tomeType="TileDesc" type="NS" x="21" y="6" />
      <tile tomeType="TileDesc" type="BLOCK" x="9" y="7" />
      <tile tomeType="TileDesc" type="NS" x="17" y="7" />
      <tile tomeType="TileDesc" type="NS" x="21" y="7" />
      <tile tomeType="TileDesc" type="BLOCK" x="0" y="8" />
      <tile tomeType="TileDesc" type="BLOCK" x="6" y="8" />
      <tile tomeType="TileDesc" type="E" x="15" y="8" />
      <tile tomeType="TileDesc" type="EW" x="16" y="8" />
      <tile tomeType="TileDesc" type="NESW" x="17" y="8" />
      <tile tomeType="TileDesc" type="EW" x="18" y="8" />
      <tile tomeType="TileDesc" type="SW" x="19" y="8" />
      <tile tomeType="TileDesc" type="NS" x="21" y="8" />
      <tile tomeType="TileDesc" type="BLOCK" x="3" y="9" />
      <tile tomeType="TileDesc" type="N" x="17" y="9" />
      <tile tomeType="TileDesc" type="N" x="19" y="9" />
      <tile tomeType="TileDesc" type="NS" x="21" y="9" />
      <tile tomeType="TileDesc" type="SPIKE_GROUND" x="8" y="10" />
      <tile tomeType="TileDesc" type="NS" x="21" y="10" />
      <tile tomeType="TileDesc" type="S" x="0" y="11" />
      <tile tomeType="TileDesc" type="NS" x="21" y="11" />
      <tile tomeType="TileDesc" type="NS" x="0" y="12" />
      <tile tomeType="TileDesc" type="SPAWN" x="2" y="12" />
      <tile tomeType="TileDesc" type="S" x="6" y="12" />
      <tile tomeType="TileDesc" type="NS" x="21" y="12" />
      <tile tomeType="TileDesc" type="NE" x="0" y="13" />
      <tile tomeType="TileDesc" type="W" x="1" y="13" />
      <tile tomeType="TileDesc" type="PERMANENT" x="2" y="13" />
      <tile tomeType="TileDesc" type="E" x="3" y="13" />
      <tile tomeType="TileDesc" type="EW" x="4" y="13" />
      <tile tomeType="TileDesc" type="EW" x="5" y="13" />
      <tile tomeType="TileDesc" type="NW" x="6" y="13" />
      <tile tomeType="TileDesc" type="SPIKE_GROUND" x="7" y="13" />
      <tile tomeType="TileDesc" type="SPIKE_GROUND" x="8" y="13" />
      <tile tomeType="TileDesc" type="SPIKE_GROUND" x="9" y="13" />
      <tile tomeType="TileDesc" type="E" x="10" y="13" />
      <tile tomeType="TileDesc" type="EW" x="11" y="13" />
      <tile tomeType="TileDesc" type="EW_BROKEN" x="12" y="13" />
      <tile tomeType="TileDesc" type="W" x="13" y="13" />
      <tile tomeType="TileDesc" type="SPIKE_GROUND" x="14" y="13" />
      <tile tomeType="TileDesc" type="SPIKE_GROUND" x="15" y="13" />
      <tile tomeType="TileDesc" type="EW" x="16" y="13" />
      <tile tomeType="TileDesc" type="EW_BROKEN" x="17" y="13" />
      <tile tomeType="TileDesc" type="EW_BROKEN" x="18" y="13" />
      <tile tomeType="TileDesc" type="EW_BROKEN" x="19" y="13" />
      <tile tomeType="TileDesc" type="EW" x="20" y="13" />
      <tile tomeType="TileDesc" type="NW" x="21" y="13" />
    </tiles>
  </test-board>
</microtome>
